04:01:37 | INFO: Data are loaded, start creating Blender stuff
04:01:37 | INFO: Blender create Mesh node geometry_0
04:01:37 | INFO: glTF import finished in 0.02s
INFO Draco mesh compression is available, use library at /Applications/Blender.app/Contents/Resources/5.1/scripts/addons_core/io_scene_gltf2/libextern_draco.dylib
04:01:37 | INFO: Starting glTF 2.0 export
04:01:37 | INFO: Extracting primitive: geometry_0
04:01:37 | INFO: Primitives created: 1
04:01:37 | INFO: Extracting primitive: Cube.001
04:01:37 | INFO: Primitives created: 1
04:01:38 | INFO: Finished glTF 2.0 export in 0.02568817138671875 s
00:00.872  render           | Saved: '/Users/yuanshaochen/Projects/ai-game-generation-research/experiments/rw_rover_001_asset_chain_20260513/blender/blender_cleanup_render.png'

{
  "cleaned_glb": "/Users/yuanshaochen/Projects/ai-game-generation-research/experiments/rw_rover_001_asset_chain_20260513/blender/typical_misc_crate_blender_cleaned_with_proxy.glb",
  "cleaned_glb_sha256": "9505f64cfe4ebf54e7667d3d1c9d5fdc4bf7e706aad6592570988b80cf057c33",
  "input_glb": "/Users/yuanshaochen/Projects/ai-game-generation-research/experiments/rw_rover_001_asset_chain_20260513/outputs/rw_rover_001_trellis_meshonly.glb",
  "render": "/Users/yuanshaochen/Projects/ai-game-generation-research/experiments/rw_rover_001_asset_chain_20260513/blender/blender_cleanup_render.png",
  "render_sha256": "1229637350c1188b00d51c719d1cee94f06bb4ca2423ab32834785f75f0025a0",
  "report": "/Users/yuanshaochen/Projects/ai-game-generation-research/experiments/rw_rover_001_asset_chain_20260513/blender/blender_cleanup_report.json",
  "status": "DONE"
}
Blender 5.1.1 (hash b70da489d7f4 built 2026-04-14 01:46:23)

Blender quit
