SUPERSEDED: this log is retained as historical evidence for an earlier default-output-name run before the material pass and named output cleanup.
Current promoted materialized GLB SHA is cc8267891277a6fa909440fb81995993b5b5e3b7750c534fdaec6c929555ab79.

04:08:19 | INFO: Data are loaded, start creating Blender stuff
04:08:19 | INFO: Blender create Mesh node geometry_0
04:08:19 | INFO: glTF import finished in 0.02s
INFO Draco mesh compression is available, use library at /Applications/Blender.app/Contents/Resources/5.1/scripts/addons_core/io_scene_gltf2/libextern_draco.dylib
04:08:19 | INFO: Starting glTF 2.0 export
04:08:19 | INFO: Extracting primitive: geometry_0
04:08:19 | INFO: Primitives created: 1
04:08:19 | INFO: Extracting primitive: Cube.001
04:08:19 | INFO: Primitives created: 1
04:08:19 | INFO: Finished glTF 2.0 export in 0.04146623611450195 s
00:00.883  render           | Saved: '/Users/yuanshaochen/Projects/ai-game-generation-research/experiments/rw_rover_001_asset_chain_20260513/blender_single3q/blender_cleanup_render.png'

{
  "cleaned_glb": "/Users/yuanshaochen/Projects/ai-game-generation-research/experiments/rw_rover_001_asset_chain_20260513/blender_single3q/typical_misc_crate_blender_cleaned_with_proxy.glb",
  "cleaned_glb_sha256": "293f0ceaa3f8b984cde5c5ba72f332dd67968d44cf8b8a3413d0164140667b8c",
  "input_glb": "/Users/yuanshaochen/Projects/ai-game-generation-research/experiments/rw_rover_001_asset_chain_20260513/outputs/rw_rover_001_single3q_trellis_meshonly.glb",
  "render": "/Users/yuanshaochen/Projects/ai-game-generation-research/experiments/rw_rover_001_asset_chain_20260513/blender_single3q/blender_cleanup_render.png",
  "render_sha256": "1cfd8d643e38dcb93b12170e03ddec1388afe12e7b96ca1cdf3fa1f46ec42317",
  "report": "/Users/yuanshaochen/Projects/ai-game-generation-research/experiments/rw_rover_001_asset_chain_20260513/blender_single3q/blender_cleanup_report.json",
  "status": "DONE"
}
Blender 5.1.1 (hash b70da489d7f4 built 2026-04-14 01:46:23)

Blender quit
