
============================================================
Height to Normal Converter
============================================================
Input shape: torch.Size([1, 1024, 1024, 3])
Strength: 3.0
Method: scharr
Output format: OpenGL
Blur radius: 0.2
✓ Applied Gaussian blur (radius: 0.2)
  Using Scharr operator (most accurate, recommended)

✓ Normal map generated
  Output shape: torch.Size([1, 1024, 1024, 3])
  Format: OpenGL (Y+)
  Green channel mean: 0.501
  Compatible with: Unity, Blender, Three.js
============================================================


============================================================
AO Approximator
============================================================
Height shape: torch.Size([1, 1024, 1024, 3])
Normal shape: torch.Size([1, 1024, 1024, 3])
Radius: 10, Samples: 16, Strength: 1.0, Contrast: 1.2
Use normal: True

⚙ Computing AO with 16 samples at radius 10...
✓ Applying normal-based bias to height AO

✓ AO generated
  Range: [0.320, 1.000]

============================================================
✓ AO Approximation Complete
============================================================

{
  "input": "/home/yuanhaizhou/models/hunyuan3d21_factory_20260513/routes/route_c_comfyui_pbr_probe_004/inputs/tactical_crate_reference.png",
  "method": "TextureAlchemy node import plus HeightToNormal and AOApproximator; heuristic roughness/metallic",
  "normal_info": "OpenGL (Y+) | Method: scharr | Strength: 3.0",
  "maps": {
    "tactical_crate_ao.png": 283240,
    "tactical_crate_basecolor.png": 871557,
    "tactical_crate_height.png": 290279,
    "tactical_crate_metallic.png": 3158,
    "tactical_crate_normal.png": 845816,
    "tactical_crate_orm.png": 427477,
    "tactical_crate_roughness.png": 176461
  },
  "map_count_core": 5,
  "quality_note": "Minimal proof of PBR map production, not final artist-approved texture projection."
}
