Godot Engine v4.4.1.stable.official.49a5bc7b6 - https://godotengine.org

first_scan_filesystem: begin: 项目初始化 steps: 5
	first_scan_filesystem: step 0: 正在扫描文件结构……
	first_scan_filesystem: step 1: 正在加载全局类名……
	first_scan_filesystem: step 2: 正在校验 GDExtension……
	first_scan_filesystem: step 3: 正在创建自动加载脚本……
	first_scan_filesystem: step 4: 正在初始化插件……
	first_scan_filesystem: step 5: 正在启动文件扫描……
first_scan_filesystem: end
update_scripts_classes: begin: 正在注册全局类…… steps: 2
	update_scripts_classes: step 0: 
	update_scripts_classes: step 1: 
update_scripts_classes: end
_update_scan_actions: begin: 正在扫描动作…… steps: 3
	_update_scan_actions: step 0: triposr_p4_chair_mesh.glb
	_update_scan_actions: step 1: triposr_p5_synthetic_block.glb
	_update_scan_actions: step 2: triposr_p5_synthetic_tower.glb
_update_scan_actions: end
reimport: begin: 正在导入或重新导入资产 steps: 3
	reimport: step 0: 正在准备重新加载文件……
	reimport: step 1: 正在准备重新加载文件……
	reimport: step 2: 正在准备重新加载文件……
	reimport: step 0: 正在执行重新加载前的操作……
	reimport: step 0: triposr_p4_chair_mesh.glb
import: begin: 导入场景 steps: 104
	import: step 0: 导入场景中...
	import: step 2: 执行自定义脚本...
	import: step 104: 保存中...
ERROR: Parameter "t" is null.
   at: texture_2d_get (servers/rendering/dummy/storage/texture_storage.h:107)
import: end
	reimport: step 1: triposr_p5_synthetic_block.glb
import: begin: 导入场景 steps: 104
	import: step 0: 导入场景中...
	import: step 2: 执行自定义脚本...
	import: step 104: 保存中...
ERROR: Parameter "t" is null.
   at: texture_2d_get (servers/rendering/dummy/storage/texture_storage.h:107)
import: end
	reimport: step 2: triposr_p5_synthetic_tower.glb
import: begin: 导入场景 steps: 104
	import: step 0: 导入场景中...
	import: step 2: 执行自定义脚本...
	import: step 104: 保存中...
ERROR: Parameter "t" is null.
   at: texture_2d_get (servers/rendering/dummy/storage/texture_storage.h:107)
import: end
	reimport: step 3: 正在结束资产导入……
reimport: end
update_script_paths_documentation: begin: 正在更新脚本文档 steps: 2
	update_script_paths_documentation: step 0: build_and_check_scene.gd
SCRIPT ERROR: Parse Error: Cannot infer the type of "pos" variable because the value doesn't have a set type.
          at: GDScript::reload (res://tools/simulate_movement_collision.gd:149)
SCRIPT ERROR: Parse Error: Cannot infer the type of "size" variable because the value doesn't have a set type.
          at: GDScript::reload (res://tools/simulate_movement_collision.gd:150)
ERROR: Failed to load script "res://tools/simulate_movement_collision.gd" with error "Parse error".
   at: load (modules/gdscript/gdscript.cpp:3022)
	update_script_paths_documentation: step 1: simulate_movement_collision.gd
update_script_paths_documentation: end
reimport: begin: 正在导入或重新导入资产 steps: 3
	reimport: step 0: 正在执行重新加载后的操作……
reimport: end
loading_editor_layout: begin: 正在加载编辑器 steps: 5
	loading_editor_layout: step 0: 正在加载编辑器布局……
loading_editor_layout: end
