08:14:16 | INFO: Data are loaded, start creating Blender stuff
08:14:16 | INFO: Blender create Mesh node geometry_0
08:14:16 | INFO: glTF import finished in 0.01s
INFO Draco mesh compression is available, use library at /Applications/Blender.app/Contents/Resources/5.1/scripts/addons_core/io_scene_gltf2/libextern_draco.dylib
08:14:16 | INFO: Starting glTF 2.0 export
08:14:16 | INFO: Extracting primitive: geometry_0
08:14:16 | INFO: Primitives created: 1
08:14:16 | INFO: Extracting primitive: Cube.001
08:14:16 | INFO: Primitives created: 1
08:14:16 | INFO: Finished glTF 2.0 export in 0.011648893356323242 s
00:00.750  render           | Saved: '/Users/yuanshaochen/Projects/ai-game-generation-research/experiments/tactical_rifle_trellis_20260513/blender_seed_101/blender_cleanup_render.png'

{
  "cleaned_glb": "/Users/yuanshaochen/Projects/ai-game-generation-research/experiments/tactical_rifle_trellis_20260513/blender_seed_101/groza_trellis_seed_101_cleaned.glb",
  "cleaned_glb_sha256": "43718636a1ccd0f7dab98ddb7f6c65ec9448b1f64fccc042640303d00cfb8ca9",
  "input_glb": "/Users/yuanshaochen/Projects/ai-game-generation-research/experiments/tactical_rifle_trellis_20260513/outputs/groza_trellis_seed_101.glb",
  "render": "/Users/yuanshaochen/Projects/ai-game-generation-research/experiments/tactical_rifle_trellis_20260513/blender_seed_101/blender_cleanup_render.png",
  "render_sha256": "7e959e88cb01f6384a1dc349a87e43e3d404194a7827efcd626d49e3702731f6",
  "report": "/Users/yuanshaochen/Projects/ai-game-generation-research/experiments/tactical_rifle_trellis_20260513/blender_seed_101/blender_cleanup_report.json",
  "status": "DONE"
}
Blender 5.1.1 (hash b70da489d7f4 built 2026-04-14 01:46:23)

Blender quit
